Jan 10 12:56:40 1 word-Safely
Jan 10 12:56:41 5 word-evaluate
Jan 10 12:56:41 1 word-an
Jan 10 12:56:41 201 word-expression
Jan 10 12:56:41 1 word-node
Jan 10 12:56:41 1.1 word-or
Jan 10 12:56:41 1 word-a
Jan 10 12:56:42 1 word-string
Jan 10 12:56:42 1 word-containing
Jan 10 12:56:42 1 word-a
Jan 10 12:56:42 1 word-Python
Jan 10 12:56:42 1 word-expression.
Jan 10 12:56:42 1 word-The
Jan 10 12:56:42 1 word-string
Jan 10 12:56:42 1 word-or
Jan 10 12:56:42 1 word-node
Jan 10 12:56:42 51 word-provided
Jan 10 12:56:45 1 word-may
Jan 10 12:56:46 1 word-only
Jan 10 12:56:46 1 word-consist
Jan 10 12:56:51 1 word-of
Jan 10 12:56:53 1 word-the
Jan 10 12:56:53 1 word-followingSafely
Jan 10 12:56:55 1 word-evaluate
Jan 10 12:56:56 1 word-an
Jan 10 12:56:57 1 word-expression
Jan 10 12:56:57 1 word-node
Jan 10 12:57:01 1 word-or
Jan 10 12:57:01 1 word-a
Jan 10 12:57:01 61 word-string
Jan 10 12:57:01 1 word-containing
Jan 10 12:57:02 1 word-a
Jan 10 12:57:03 1 word-Python
Jan 10 12:57:14 1 word-expression.
Jan 10 12:57:14 1 word-The
Jan 10 12:57:14 1 word-string
Jan 10 12:57:14 81 word-or
Jan 10 12:57:14 1 word-node
Jan 10 12:57:14 1 word-provided
Jan 10 12:57:15 1 word-may
Jan 10 12:57:15 1 word-only
Jan 10 12:57:18 1 word-consist
